<?xml version="1.0" encoding="UTF-8"?>
<!-- Generated by org.testng.reporters.JUnitReportReporter -->
<testsuite hostname="ashvinis-MacBook-Pro.local" failures="0" tests="1" name="com.qa.testcases.updated.TripDetailsTest" time="5.023" errors="0" timestamp="13 Dec 2019 10:45:55 GMT">
  <testcase classname="com.qa.testcases.updated.TripDetailsTest" name="verifyTripDetailsPage" time="5.023"/>
</testsuite> <!-- com.qa.testcases.updated.TripDetailsTest -->
