<?xml version="1.0" encoding="UTF-8"?>
<!-- Generated by org.testng.reporters.JUnitReportReporter -->
<testsuite hostname="ashvinis-MacBook-Pro.local" failures="0" tests="1" name="com.qa.testcases.MyTripPageTest" time="11.944" errors="0" timestamp="5 Dec 2019 02:55:45 GMT">
  <testcase classname="com.qa.testcases.MyTripPageTest" name="verifyMyTrippage" time="11.944"/>
</testsuite> <!-- com.qa.testcases.MyTripPageTest -->
