<?xml version="1.0" encoding="UTF-8"?>
<!-- Generated by org.testng.reporters.JUnitReportReporter -->
<testsuite hostname="ashvinis-MacBook-Pro.local" failures="0" tests="1" name="com.qa.testcases.updated.AddUserPreferenceTest" time="21.777" errors="0" timestamp="13 Dec 2019 10:11:00 GMT">
  <testcase classname="com.qa.testcases.updated.AddUserPreferenceTest" name="verifyAddTrippage" time="21.777"/>
</testsuite> <!-- com.qa.testcases.updated.AddUserPreferenceTest -->
