<?xml version="1.0" encoding="UTF-8"?>
<!-- Generated by org.testng.reporters.JUnitReportReporter -->
<testsuite hostname="ashvinis-MacBook-Pro.local" failures="0" tests="1" name="com.qa.testcases.updated.HomeTest" time="7.696" errors="0" timestamp="13 Dec 2019 10:20:52 GMT">
  <testcase classname="com.qa.testcases.updated.HomeTest" name="verifyPlanTrippage" time="7.696"/>
</testsuite> <!-- com.qa.testcases.updated.HomeTest -->
