<?xml version="1.0" encoding="UTF-8"?>
<!-- Generated by org.testng.reporters.JUnitReportReporter -->
<testsuite hostname="ashvinis-MacBook-Pro.local" failures="0" tests="1" name="com.qa.testcases.AddTripPageTest" time="7.542" errors="0" timestamp="5 Dec 2019 02:52:54 GMT">
  <testcase classname="com.qa.testcases.AddTripPageTest" name="verifyAddTrippage" time="7.542"/>
</testsuite> <!-- com.qa.testcases.AddTripPageTest -->
