<?xml version="1.0" encoding="UTF-8"?>
<!-- Generated by org.testng.reporters.JUnitReportReporter -->
<testsuite hostname="ashvinis-MacBook-Pro.local" failures="0" tests="1" name="com.qa.testcases.updated.ItineryTest" time="3.300" errors="0" timestamp="13 Dec 2019 10:24:38 GMT">
  <testcase classname="com.qa.testcases.updated.ItineryTest" name="verifyItineryPage" time="3.300"/>
</testsuite> <!-- com.qa.testcases.updated.ItineryTest -->
