<?xml version="1.0" encoding="UTF-8"?>
<!-- Generated by org.testng.reporters.JUnitReportReporter -->
<testsuite hostname="ashvinis-MacBook-Pro.local" failures="0" tests="1" name="com.qa.testcases.SignUpPageTest" time="13.945" errors="0" timestamp="17 Nov 2019 02:54:46 GMT">
  <testcase classname="com.qa.testcases.SignUpPageTest" name="verifySignUpPage" time="13.945"/>
</testsuite> <!-- com.qa.testcases.SignUpPageTest -->
