<?xml version="1.0" encoding="UTF-8"?>
<!-- Generated by org.testng.reporters.JUnitReportReporter -->
<testsuite hostname="ashvinis-MacBook-Pro.local" failures="0" tests="1" name="com.qa.testcases.updated.CreatTripTest" time="7.043" errors="0" timestamp="13 Dec 2019 10:12:11 GMT">
  <testcase classname="com.qa.testcases.updated.CreatTripTest" name="verifyCreateTripPage" time="7.043"/>
</testsuite> <!-- com.qa.testcases.updated.CreatTripTest -->
