<?xml version="1.0" encoding="UTF-8"?>
<!-- Generated by org.testng.reporters.JUnitReportReporter -->
<testsuite hostname="ashvinis-MacBook-Pro.local" failures="0" tests="1" name="com.qa.testcases.updated.InviteFriendsTest" time="14.675" errors="0" timestamp="13 Dec 2019 10:23:47 GMT">
  <testcase classname="com.qa.testcases.updated.InviteFriendsTest" name="verifyInviteFriendsPage" time="14.675"/>
</testsuite> <!-- com.qa.testcases.updated.InviteFriendsTest -->
