<?xml version="1.0" encoding="UTF-8"?>
<!-- Generated by org.testng.reporters.JUnitReportReporter -->
<testsuite hostname="ashvinis-MacBook-Pro.local" failures="0" tests="1" name="com.qa.testcases.SignInPageTest" time="6.626" errors="0" timestamp="17 Nov 2019 02:55:13 GMT">
  <testcase classname="com.qa.testcases.SignInPageTest" name="verifySignInPage" time="6.626"/>
</testsuite> <!-- com.qa.testcases.SignInPageTest -->
