<?xml version="1.0" encoding="UTF-8"?>
<!-- Generated by org.testng.reporters.JUnitReportReporter -->
<testsuite hostname="ashvinis-MacBook-Pro.local" failures="0" tests="1" name="com.qa.testcases.updated.SignUpTest" time="11.211" errors="0" timestamp="13 Dec 2019 10:43:23 GMT">
  <testcase classname="com.qa.testcases.updated.SignUpTest" name="verifySignUpPage" time="11.211"/>
</testsuite> <!-- com.qa.testcases.updated.SignUpTest -->
