<?xml version="1.0" encoding="UTF-8"?>
<!-- Generated by org.testng.reporters.JUnitReportReporter -->
<testsuite hostname="ashvinis-MacBook-Pro.local" failures="0" tests="1" name="com.qa.testcases.updated.FinalizeDestinationTest" time="4.334" errors="0" timestamp="13 Dec 2019 10:14:19 GMT">
  <testcase classname="com.qa.testcases.updated.FinalizeDestinationTest" name="verifyFinalizeDestinationPage" time="4.334"/>
</testsuite> <!-- com.qa.testcases.updated.FinalizeDestinationTest -->
