<?xml version="1.0" encoding="UTF-8"?>
<!-- Generated by org.testng.reporters.JUnitReportReporter -->
<testsuite hostname="ashvinis-MacBook-Pro.local" failures="0" tests="1" name="com.qa.testcases.updated.GetDirectionsTest" time="8.873" errors="0" timestamp="13 Dec 2019 08:45:49 GMT">
  <testcase classname="com.qa.testcases.updated.GetDirectionsTest" name="verifyMyTrippage" time="8.873"/>
</testsuite> <!-- com.qa.testcases.updated.GetDirectionsTest -->
