<?xml version="1.0" encoding="UTF-8"?>
<!-- Generated by org.testng.reporters.JUnitReportReporter -->
<testsuite hostname="ashvinis-MacBook-Pro.local" failures="0" tests="1" name="com.qa.testcases.updated.LookupAttractionsTest" time="26.511" errors="0" timestamp="13 Dec 2019 10:41:02 GMT">
  <testcase classname="com.qa.testcases.updated.LookupAttractionsTest" name="verifyLookupAttractionsPage" time="26.511"/>
</testsuite> <!-- com.qa.testcases.updated.LookupAttractionsTest -->
