<?xml version="1.0" encoding="UTF-8"?>
<!-- Generated by org.testng.reporters.JUnitReportReporter -->
<testsuite hostname="ashvinis-MacBook-Pro.local" failures="0" tests="1" name="com.qa.testcases.SignPageTest" time="6.220" errors="0" timestamp="5 Nov 2019 06:29:48 GMT">
  <testcase classname="com.qa.testcases.SignPageTest" name="verifySignInPage" time="6.220"/>
</testsuite> <!-- com.qa.testcases.SignPageTest -->
